<?xml version="1.0" encoding="UTF-8"?>
<testng-results skipped="0" failed="0" ignored="0" total="2" passed="2">
  <reporter-output>
  </reporter-output>
  <suite name="Suite" duration-ms="15556" started-at="2021-05-09T23:34:16 AEST" finished-at="2021-05-09T23:34:32 AEST">
    <groups>
    </groups>
    <test name="Test" duration-ms="15556" started-at="2021-05-09T23:34:16 AEST" finished-at="2021-05-09T23:34:32 AEST">
      <class name="xcover.testCase.getQuote">
        <test-method status="PASS" signature="test_driver()[pri:0, instance:xcover.testCase.getQuote@9660f4e]" name="test_driver" is-config="true" duration-ms="2379" started-at="2021-05-09T23:34:16 AEST" finished-at="2021-05-09T23:34:19 AEST">
          <reporter-output>
          </reporter-output>
        </test-method> <!-- test_driver -->
        <test-method status="PASS" signature="navigate()[pri:1, instance:xcover.testCase.getQuote@9660f4e]" name="navigate" duration-ms="3715" started-at="2021-05-09T23:34:19 AEST" finished-at="2021-05-09T23:34:22 AEST">
          <reporter-output>
          </reporter-output>
        </test-method> <!-- navigate -->
        <test-method status="PASS" signature="getQuoteForEyeWearProtectionPeriod()[pri:2, instance:xcover.testCase.getQuote@9660f4e]" name="getQuoteForEyeWearProtectionPeriod" duration-ms="9415" started-at="2021-05-09T23:34:22 AEST" finished-at="2021-05-09T23:34:32 AEST">
          <reporter-output>
          </reporter-output>
        </test-method> <!-- getQuoteForEyeWearProtectionPeriod -->
      </class> <!-- xcover.testCase.getQuote -->
    </test> <!-- Test -->
  </suite> <!-- Suite -->
</testng-results>
